<?xml version="1.0" encoding="UTF-8"?>
<!-- Generated by org.testng.reporters.JUnitXMLReporter -->
<testsuite ignored="0" hostname="ALOSH" failures="0" tests="5" name="Default test" time="55.23" errors="0" timestamp="2021-07-29T08:43:44 PDT">
  <testcase classname="WebTesting.TestDemo" name="testOne" time="8.207"/>
  <testcase classname="WebTesting.TestDemo" name="testTwo" time="8.199"/>
  <testcase classname="WebTesting.TestDemo" name="testThree" time="8.272"/>
  <testcase classname="WebTesting.TestDemo" name="testFour" time="8.276"/>
  <testcase classname="WebTesting.TestDemo" name="testFive" time="8.243"/>
</testsuite> <!-- Default test -->
